Using pre-set license
Built from '2020.2/release' branch; Version is '2020.2.1f1 (270dd8c3da1c) revision 2559448'; Using compiler version '192528614'; Build Type 'Release'
OS: 'Windows 10  (10.0.0) 64bit' Language: 'en' Physical Memory: 8097 MB
BatchMode: 1, IsHumanControllingUs: 0, StartBugReporterOnCrash: 0, Is64bit: 1, IsPro: 0

 COMMAND LINE ARGUMENTS:
D:\Unity\2020.2.1f1\Editor\Unity.exe
-adb2
-batchMode
-noUpm
-name
AssetImportWorker0
-projectPath
D:/Unity Projects/EMC134P/EMC134P_Game_Physics/New folder/Summing_Forces/Summing Forces
-logFile
Logs/AssetImportWorker0.log
-srvPort
65193
Successfully changed project path to: D:/Unity Projects/EMC134P/EMC134P_Game_Physics/New folder/Summing_Forces/Summing Forces
D:/Unity Projects/EMC134P/EMC134P_Game_Physics/New folder/Summing_Forces/Summing Forces
Using Asset Import Pipeline V2.
Refreshing native plugins compatible for Editor in 56.40 ms, found 0 plugins.
Preloading 0 native plugins for Editor in 0.00 ms.
Initialize engine version: 2020.2.1f1 (270dd8c3da1c)
[Subsystems] Discovering subsystems at path D:/Unity/2020.2.1f1/Editor/Data/Resources/UnitySubsystems
[Subsystems] Discovering subsystems at path D:/Unity Projects/EMC134P/EMC134P_Game_Physics/New folder/Summing_Forces/Summing Forces/Assets
GfxDevice: creating device client; threaded=0
Direct3D:
    Version:  Direct3D 11.0 [level 11.1]
    Renderer: NVIDIA GeForce GTX 1060 3GB (ID=0x1c02)
    Vendor:   
    VRAM:     2988 MB
    Driver:   26.21.14.3648
Initialize mono
Mono path[0] = 'D:/Unity/2020.2.1f1/Editor/Data/Managed'
Mono path[1] = 'D:/Unity/2020.2.1f1/Editor/Data/MonoBleedingEdge/lib/mono/unityjit'
Mono config path = 'D:/Unity/2020.2.1f1/Editor/Data/MonoBleedingEdge/etc'
Using monoOptions --debugger-agent=transport=dt_socket,embedding=1,server=y,suspend=n,address=127.0.0.1:56168
Begin MonoManager ReloadAssembly
Registering precompiled unity dll's ...
Register platform support module: D:/Unity/2020.2.1f1/Editor/Data/PlaybackEngines/WindowsStandaloneSupport/UnityEditor.WindowsStandalone.Extensions.dll
Registered in 0.001695 seconds.
Native extension for WindowsStandalone target not found
Refreshing native plugins compatible for Editor in 36.27 ms, found 0 plugins.
Preloading 0 native plugins for Editor in 0.00 ms.
Invoked RoslynAnalysisRunner static constructor.
RoslynAnalysisRunner will not be running.
RoslynAnalysisRunner has terminated.
Mono: successfully reloaded assembly
- Completed reload, in  1.696 seconds
Platform modules already initialized, skipping
Registering precompiled user dll's ...
Registered in 0.000749 seconds.
Begin MonoManager ReloadAssembly
Native extension for WindowsStandalone target not found
Refreshing native plugins compatible for Editor in 0.35 ms, found 0 plugins.
Preloading 0 native plugins for Editor in 0.00 ms.
Invoked RoslynAnalysisRunner static constructor.
RoslynAnalysisRunner will not be running.
RoslynAnalysisRunner has terminated.
Mono: successfully reloaded assembly
- Completed reload, in  1.418 seconds
Platform modules already initialized, skipping
========================================================================
Worker process is ready to serve import requests
Launched and connected shader compiler UnityShaderCompiler.exe after 0.09 seconds
Refreshing native plugins compatible for Editor in 0.33 ms, found 0 plugins.
Preloading 0 native plugins for Editor in 0.00 ms.
Unloading 1094 Unused Serialized files (Serialized files now loaded: 0)
System memory in use before: 56.3 MB.
System memory in use after: 56.4 MB.

Unloading 10 unused Assets to reduce memory usage. Loaded Objects now: 1533.
Total: 3.373800 ms (FindLiveObjects: 0.338100 ms CreateObjectMapping: 0.328700 ms MarkObjects: 2.598400 ms  DeleteObjects: 0.106500 ms)

========================================================================
Received Import Request.
  path: Assets/Scenes
  artifactKey: Guid(95b02913ed86566418525d38226d65bf) Importer(815301076,1909f56bfc062723c751e8b465ee728b)
Start importing Assets/Scenes using Guid(95b02913ed86566418525d38226d65bf) Importer(815301076,1909f56bfc062723c751e8b465ee728b)  -> (artifact id: '2b93cff34143d10036f4cba13a7f53e1') in 0.059076 seconds
  Import took 0.084104 seconds .

========================================================================
Received Import Request.
  Time since last request: 0.013453 seconds.
  path: Assets/Scenes/SampleScene.unity
  artifactKey: Guid(9fc0d4010bbf28b4594072e72b8655ab) Importer(815301076,1909f56bfc062723c751e8b465ee728b)
Start importing Assets/Scenes/SampleScene.unity using Guid(9fc0d4010bbf28b4594072e72b8655ab) Importer(815301076,1909f56bfc062723c751e8b465ee728b)  -> (artifact id: '016640421bf54ce873cbc7b610fdb87c') in 0.031412 seconds
  Import took 0.049579 seconds .

========================================================================
Received Import Request.
  Time since last request: 4.071357 seconds.
  path: Assets/Scenes/01Space.unity
  artifactKey: Guid(9fc0d4010bbf28b4594072e72b8655ab) Importer(815301076,1909f56bfc062723c751e8b465ee728b)
Start importing Assets/Scenes/01Space.unity using Guid(9fc0d4010bbf28b4594072e72b8655ab) Importer(815301076,1909f56bfc062723c751e8b465ee728b)  -> (artifact id: 'de8595acd9f2260f400e059a2c11540c') in 0.039990 seconds
  Import took 0.065787 seconds .

========================================================================
Received Import Request.
  Time since last request: 356.806645 seconds.
  path: Assets
  artifactKey: Guid(00000000000000001000000000000000) Importer(815301076,1909f56bfc062723c751e8b465ee728b)
Start importing Assets using Guid(00000000000000001000000000000000) Importer(815301076,1909f56bfc062723c751e8b465ee728b)  -> (artifact id: 'e1a2c4dac9df7c17871e19a3b74f0e9f') in 0.029192 seconds
  Import took 0.050314 seconds .

========================================================================
Received Import Request.
  Time since last request: 4.318027 seconds.
  path: Assets/Script
  artifactKey: Guid(15e5865e979df35469bff0173cc4d540) Importer(815301076,1909f56bfc062723c751e8b465ee728b)
Start importing Assets/Script using Guid(15e5865e979df35469bff0173cc4d540) Importer(815301076,1909f56bfc062723c751e8b465ee728b)  -> (artifact id: '59e8ae955b4ed1eb161ae9acd77fcc21') in 0.013231 seconds
  Import took 0.018794 seconds .

========================================================================
Received Import Request.
  Time since last request: 1.949352 seconds.
  path: Assets/Scripts
  artifactKey: Guid(15e5865e979df35469bff0173cc4d540) Importer(815301076,1909f56bfc062723c751e8b465ee728b)
Start importing Assets/Scripts using Guid(15e5865e979df35469bff0173cc4d540) Importer(815301076,1909f56bfc062723c751e8b465ee728b)  -> (artifact id: 'ac176c07f8b9ffa461552e132824b73e') in 0.019059 seconds
  Import took 0.023667 seconds .

========================================================================
Received Import Request.
  Time since last request: 22.594459 seconds.
  path: Assets/Skyboxes/Stars1024/Stars1024.mat
  artifactKey: Guid(36ebb1f81aa054bd49704f3d17f62c4d) Importer(815301076,1909f56bfc062723c751e8b465ee728b)
Start importing Assets/Skyboxes/Stars1024/Stars1024.mat using Guid(36ebb1f81aa054bd49704f3d17f62c4d) Importer(815301076,1909f56bfc062723c751e8b465ee728b)  -> (artifact id: '9f5366ff78cb892c137907fadac5c6b7') in 7.113053 seconds
  Import took 7.146923 seconds .

========================================================================
Received Import Request.
  Time since last request: 0.000354 seconds.
  path: Assets/Skyboxes/Stars1024/ypos.png
  artifactKey: Guid(4f7cb30cbb3f848eba5a32e665078821) Importer(815301076,1909f56bfc062723c751e8b465ee728b)
Start importing Assets/Skyboxes/Stars1024/ypos.png using Guid(4f7cb30cbb3f848eba5a32e665078821) Importer(815301076,1909f56bfc062723c751e8b465ee728b)  -> (artifact id: '4b51d09b3a775ee35a25f44cccdd5113') in 0.592116 seconds
  Import took 0.633449 seconds .

========================================================================
Received Import Request.
  Time since last request: 0.000424 seconds.
  path: Assets/Skyboxes/Stars1024/zneg.png
  artifactKey: Guid(558ef7966b85f43149d4adaa50f7631f) Importer(815301076,1909f56bfc062723c751e8b465ee728b)
Start importing Assets/Skyboxes/Stars1024/zneg.png using Guid(558ef7966b85f43149d4adaa50f7631f) Importer(815301076,1909f56bfc062723c751e8b465ee728b)  -> (artifact id: 'f9e9e10c8d4328de6b864a7bfab7dd33') in 0.157652 seconds
  Import took 0.190301 seconds .

========================================================================
Received Import Request.
  Time since last request: 0.000392 seconds.
  path: Assets/Skyboxes/Stars1024/xpos.png
  artifactKey: Guid(decb7cffb2c2d44d98b538acc937c41e) Importer(815301076,1909f56bfc062723c751e8b465ee728b)
Start importing Assets/Skyboxes/Stars1024/xpos.png using Guid(decb7cffb2c2d44d98b538acc937c41e) Importer(815301076,1909f56bfc062723c751e8b465ee728b)  -> (artifact id: '27983d12d829bc9312f96feefc986f99') in 0.178291 seconds
  Import took 0.213197 seconds .

========================================================================
Received Import Request.
  Time since last request: 0.000298 seconds.
  path: Assets/Skyboxes/Stars1024/zpos.png
  artifactKey: Guid(99cb82105c24e4c5e8a8cd6f67a1fe49) Importer(815301076,1909f56bfc062723c751e8b465ee728b)
Start importing Assets/Skyboxes/Stars1024/zpos.png using Guid(99cb82105c24e4c5e8a8cd6f67a1fe49) Importer(815301076,1909f56bfc062723c751e8b465ee728b)  -> (artifact id: '3d4ceb9716749aa36d45a73bd16dd518') in 0.058669 seconds
  Import took 0.147167 seconds .

========================================================================
Received Import Request.
  Time since last request: 0.077787 seconds.
  path: Assets/Skyboxes/Stars1024/yneg.png
  artifactKey: Guid(b24aac7028b094b41b2bedac35542ab8) Importer(815301076,1909f56bfc062723c751e8b465ee728b)
Start importing Assets/Skyboxes/Stars1024/yneg.png using Guid(b24aac7028b094b41b2bedac35542ab8) Importer(815301076,1909f56bfc062723c751e8b465ee728b)  -> (artifact id: 'ec240d20d8092b7c6960235e8df417dd') in 0.054209 seconds
  Import took 0.066484 seconds .

========================================================================
Received Import Request.
  Time since last request: 0.109807 seconds.
  path: Assets/Skyboxes/Stars1024/xneg.png
  artifactKey: Guid(87bfd6f22ead9417ca2f4b07b65ae888) Importer(815301076,1909f56bfc062723c751e8b465ee728b)
Start importing Assets/Skyboxes/Stars1024/xneg.png using Guid(87bfd6f22ead9417ca2f4b07b65ae888) Importer(815301076,1909f56bfc062723c751e8b465ee728b)  -> (artifact id: 'c953be0384244dc7a374bcada5d5997a') in 0.082071 seconds
  Import took 0.089711 seconds .

========================================================================
Received Import Request.
  Time since last request: 102.456174 seconds.
  path: Assets/Textures/Football.png
  artifactKey: Guid(70ad1eb51865d4543b0c689617fe67fc) Importer(815301076,1909f56bfc062723c751e8b465ee728b)
Start importing Assets/Textures/Football.png using Guid(70ad1eb51865d4543b0c689617fe67fc) Importer(815301076,1909f56bfc062723c751e8b465ee728b)  -> (artifact id: '38e6eb216902bdfb15a46d658934b62d') in 0.048725 seconds
  Import took 0.073988 seconds .

========================================================================
Received Prepare
Registering precompiled user dll's ...
Registered in 0.000538 seconds.
Begin MonoManager ReloadAssembly
Native extension for WindowsStandalone target not found
Refreshing native plugins compatible for Editor in 0.50 ms, found 0 plugins.
Preloading 0 native plugins for Editor in 0.00 ms.
Invoked RoslynAnalysisRunner static constructor.
RoslynAnalysisRunner will not be running.
RoslynAnalysisRunner has terminated.
Mono: successfully reloaded assembly
- Completed reload, in  1.858 seconds
Platform modules already initialized, skipping
Refreshing native plugins compatible for Editor in 0.72 ms, found 0 plugins.
Preloading 0 native plugins for Editor in 0.00 ms.
Unloading 1089 Unused Serialized files (Serialized files now loaded: 0)
System memory in use before: 59.8 MB.
System memory in use after: 59.9 MB.

Unloading 5 unused Assets to reduce memory usage. Loaded Objects now: 1578.
Total: 3.190100 ms (FindLiveObjects: 0.392600 ms CreateObjectMapping: 0.057800 ms MarkObjects: 2.688900 ms  DeleteObjects: 0.049100 ms)

========================================================================
Received Prepare
Registering precompiled user dll's ...
Registered in 0.000531 seconds.
Begin MonoManager ReloadAssembly
Native extension for WindowsStandalone target not found
Refreshing native plugins compatible for Editor in 0.21 ms, found 0 plugins.
Preloading 0 native plugins for Editor in 0.00 ms.
Invoked RoslynAnalysisRunner static constructor.
RoslynAnalysisRunner will not be running.
RoslynAnalysisRunner has terminated.
Mono: successfully reloaded assembly
- Completed reload, in  1.367 seconds
Platform modules already initialized, skipping
Refreshing native plugins compatible for Editor in 0.24 ms, found 0 plugins.
Preloading 0 native plugins for Editor in 0.00 ms.
Unloading 1090 Unused Serialized files (Serialized files now loaded: 0)
System memory in use before: 59.9 MB.
System memory in use after: 60.0 MB.

Unloading 5 unused Assets to reduce memory usage. Loaded Objects now: 1581.
Total: 2.587000 ms (FindLiveObjects: 0.132100 ms CreateObjectMapping: 0.040400 ms MarkObjects: 2.328200 ms  DeleteObjects: 0.084600 ms)

========================================================================
Received Prepare
Registering precompiled user dll's ...
Registered in 0.000542 seconds.
Begin MonoManager ReloadAssembly
Native extension for WindowsStandalone target not found
Refreshing native plugins compatible for Editor in 0.22 ms, found 0 plugins.
Preloading 0 native plugins for Editor in 0.00 ms.
Invoked RoslynAnalysisRunner static constructor.
RoslynAnalysisRunner will not be running.
RoslynAnalysisRunner has terminated.
Mono: successfully reloaded assembly
- Completed reload, in  1.331 seconds
Platform modules already initialized, skipping
Refreshing native plugins compatible for Editor in 0.41 ms, found 0 plugins.
Preloading 0 native plugins for Editor in 0.00 ms.
Unloading 1090 Unused Serialized files (Serialized files now loaded: 0)
System memory in use before: 60.0 MB.
System memory in use after: 60.1 MB.

Unloading 5 unused Assets to reduce memory usage. Loaded Objects now: 1583.
Total: 3.030000 ms (FindLiveObjects: 0.244300 ms CreateObjectMapping: 0.130200 ms MarkObjects: 2.585600 ms  DeleteObjects: 0.067900 ms)

========================================================================
Received Import Request.
  Time since last request: 320.471599 seconds.
  path: Assets/Scripts/PhysicsEngine.cs
  artifactKey: Guid(2d6744e23277b5a4e8b3d8b630a1a6ee) Importer(815301076,1909f56bfc062723c751e8b465ee728b)
Start importing Assets/Scripts/PhysicsEngine.cs using Guid(2d6744e23277b5a4e8b3d8b630a1a6ee) Importer(815301076,1909f56bfc062723c751e8b465ee728b)  -> (artifact id: 'e2334d8d995c4b5d6a886cd45f598d01') in 0.075995 seconds
  Import took 0.078711 seconds .

========================================================================
Received Prepare
Registering precompiled user dll's ...
Registered in 0.001138 seconds.
Begin MonoManager ReloadAssembly
Native extension for WindowsStandalone target not found
Refreshing native plugins compatible for Editor in 0.37 ms, found 0 plugins.
Preloading 0 native plugins for Editor in 0.00 ms.
Invoked RoslynAnalysisRunner static constructor.
RoslynAnalysisRunner will not be running.
RoslynAnalysisRunner has terminated.
Mono: successfully reloaded assembly
- Completed reload, in  1.412 seconds
Platform modules already initialized, skipping
Refreshing native plugins compatible for Editor in 0.34 ms, found 0 plugins.
Preloading 0 native plugins for Editor in 0.00 ms.
Unloading 1090 Unused Serialized files (Serialized files now loaded: 0)
System memory in use before: 60.1 MB.
System memory in use after: 60.2 MB.

Unloading 5 unused Assets to reduce memory usage. Loaded Objects now: 1585.
Total: 3.126600 ms (FindLiveObjects: 0.642600 ms CreateObjectMapping: 0.215700 ms MarkObjects: 2.216300 ms  DeleteObjects: 0.050000 ms)

========================================================================
Received Import Request.
  Time since last request: 252.074477 seconds.
  path: Assets/Scripts/PhysicsEngine.cs
  artifactKey: Guid(2d6744e23277b5a4e8b3d8b630a1a6ee) Importer(815301076,1909f56bfc062723c751e8b465ee728b)
Start importing Assets/Scripts/PhysicsEngine.cs using Guid(2d6744e23277b5a4e8b3d8b630a1a6ee) Importer(815301076,1909f56bfc062723c751e8b465ee728b)  -> (artifact id: '9938a5ac3730b3150c0e15bd038e4736') in 0.014516 seconds
  Import took 0.030709 seconds .

========================================================================
Received Prepare
Registering precompiled user dll's ...
Registered in 0.000665 seconds.
Begin MonoManager ReloadAssembly
Native extension for WindowsStandalone target not found
Refreshing native plugins compatible for Editor in 0.24 ms, found 0 plugins.
Preloading 0 native plugins for Editor in 0.00 ms.
Invoked RoslynAnalysisRunner static constructor.
RoslynAnalysisRunner will not be running.
RoslynAnalysisRunner has terminated.
Mono: successfully reloaded assembly
- Completed reload, in  1.735 seconds
Platform modules already initialized, skipping
Refreshing native plugins compatible for Editor in 0.22 ms, found 0 plugins.
Preloading 0 native plugins for Editor in 0.00 ms.
Unloading 1090 Unused Serialized files (Serialized files now loaded: 0)
System memory in use before: 60.2 MB.
System memory in use after: 60.3 MB.

Unloading 5 unused Assets to reduce memory usage. Loaded Objects now: 1587.
Total: 2.143500 ms (FindLiveObjects: 0.452500 ms CreateObjectMapping: 0.043800 ms MarkObjects: 1.548400 ms  DeleteObjects: 0.096900 ms)

========================================================================
Received Prepare
Registering precompiled user dll's ...
Registered in 0.000684 seconds.
Begin MonoManager ReloadAssembly
Native extension for WindowsStandalone target not found
Refreshing native plugins compatible for Editor in 0.23 ms, found 0 plugins.
Preloading 0 native plugins for Editor in 0.00 ms.
Invoked RoslynAnalysisRunner static constructor.
RoslynAnalysisRunner will not be running.
RoslynAnalysisRunner has terminated.
Mono: successfully reloaded assembly
- Completed reload, in  1.799 seconds
Platform modules already initialized, skipping
Refreshing native plugins compatible for Editor in 0.22 ms, found 0 plugins.
Preloading 0 native plugins for Editor in 0.00 ms.
Unloading 1090 Unused Serialized files (Serialized files now loaded: 0)
System memory in use before: 60.3 MB.
System memory in use after: 60.3 MB.

Unloading 5 unused Assets to reduce memory usage. Loaded Objects now: 1589.
Total: 2.809700 ms (FindLiveObjects: 0.138000 ms CreateObjectMapping: 0.040800 ms MarkObjects: 2.551500 ms  DeleteObjects: 0.077600 ms)

========================================================================
Received Prepare
Registering precompiled user dll's ...
Registered in 0.001074 seconds.
Begin MonoManager ReloadAssembly
Native extension for WindowsStandalone target not found
Refreshing native plugins compatible for Editor in 0.33 ms, found 0 plugins.
Preloading 0 native plugins for Editor in 0.00 ms.
Invoked RoslynAnalysisRunner static constructor.
RoslynAnalysisRunner will not be running.
RoslynAnalysisRunner has terminated.
Mono: successfully reloaded assembly
- Completed reload, in  1.590 seconds
Platform modules already initialized, skipping
Refreshing native plugins compatible for Editor in 0.35 ms, found 0 plugins.
Preloading 0 native plugins for Editor in 0.00 ms.
Unloading 1090 Unused Serialized files (Serialized files now loaded: 0)
System memory in use before: 60.4 MB.
System memory in use after: 60.4 MB.

Unloading 5 unused Assets to reduce memory usage. Loaded Objects now: 1591.
Total: 2.307300 ms (FindLiveObjects: 0.252100 ms CreateObjectMapping: 0.063700 ms MarkObjects: 1.941800 ms  DeleteObjects: 0.048300 ms)

========================================================================
Received Prepare
Registering precompiled user dll's ...
Registered in 0.000827 seconds.
Begin MonoManager ReloadAssembly
Native extension for WindowsStandalone target not found
Refreshing native plugins compatible for Editor in 0.76 ms, found 0 plugins.
Preloading 0 native plugins for Editor in 0.00 ms.
Invoked RoslynAnalysisRunner static constructor.
RoslynAnalysisRunner will not be running.
RoslynAnalysisRunner has terminated.
Mono: successfully reloaded assembly
- Completed reload, in  2.463 seconds
Platform modules already initialized, skipping
Refreshing native plugins compatible for Editor in 0.49 ms, found 0 plugins.
Preloading 0 native plugins for Editor in 0.00 ms.
Unloading 1090 Unused Serialized files (Serialized files now loaded: 0)
System memory in use before: 60.4 MB.
System memory in use after: 60.5 MB.

Unloading 5 unused Assets to reduce memory usage. Loaded Objects now: 1593.
Total: 7.073300 ms (FindLiveObjects: 0.245600 ms CreateObjectMapping: 0.085500 ms MarkObjects: 6.673200 ms  DeleteObjects: 0.066400 ms)

========================================================================
Received Prepare
Registering precompiled user dll's ...
Registered in 0.001809 seconds.
Begin MonoManager ReloadAssembly
Native extension for WindowsStandalone target not found
Refreshing native plugins compatible for Editor in 0.33 ms, found 0 plugins.
Preloading 0 native plugins for Editor in 0.00 ms.
Invoked RoslynAnalysisRunner static constructor.
RoslynAnalysisRunner will not be running.
RoslynAnalysisRunner has terminated.
Mono: successfully reloaded assembly
- Completed reload, in  3.377 seconds
Platform modules already initialized, skipping
Refreshing native plugins compatible for Editor in 0.33 ms, found 0 plugins.
Preloading 0 native plugins for Editor in 0.00 ms.
Unloading 1090 Unused Serialized files (Serialized files now loaded: 0)
System memory in use before: 60.5 MB.
System memory in use after: 60.6 MB.

Unloading 5 unused Assets to reduce memory usage. Loaded Objects now: 1595.
Total: 5.051900 ms (FindLiveObjects: 0.219500 ms CreateObjectMapping: 0.058600 ms MarkObjects: 4.613100 ms  DeleteObjects: 0.158800 ms)

AssetImportWorkerClient::OnTransportError - code=2 error=End of file
